0 verbose cli C:\Program Files\nodejs\node.exe C:\Program Files\nodejs\node_modules\npm\bin\npm-cli.js
1 info using npm@10.9.0
2 info using node@v23.3.0
3 silly config load:file:C:\Program Files\nodejs\node_modules\npm\npmrc
4 silly config load:file:C:\Users\saadr\Desktop\NW-Traders\nw-traders\.npmrc
5 silly config load:file:C:\Users\saadr\.npmrc
6 silly config load:file:C:\Users\saadr\AppData\Roaming\npm\etc\npmrc
7 verbose title npm exec shadcn@latest add https://v0.dev/chat/b/b_YqekggGFTmA?token=eyJhbGciOiJkaXIiLCJlbmMiOiJBMjU2R0NNIn0..wunFSvQwYzaU8Sfi.MRmbC9n0xIzAXSlQ87qh8C_d9t_73YK1_cUvuxiFZ1Yany942YiC4T_QCYY.MFTZeLLkXX9kgcvp-V1yQg
8 verbose argv "exec" "--" "shadcn@latest" "add" "https://v0.dev/chat/b/b_YqekggGFTmA?token=eyJhbGciOiJkaXIiLCJlbmMiOiJBMjU2R0NNIn0..wunFSvQwYzaU8Sfi.MRmbC9n0xIzAXSlQ87qh8C_d9t_73YK1_cUvuxiFZ1Yany942YiC4T_QCYY.MFTZeLLkXX9kgcvp-V1yQg"
9 verbose logfile logs-max:10 dir:C:\Users\saadr\Desktop\NW-Traders\nw-traders\%APPDATA%\npm-cache\_logs\2025-01-07T10_49_09_581Z-
10 verbose logfile C:\Users\saadr\Desktop\NW-Traders\nw-traders\%APPDATA%\npm-cache\_logs\2025-01-07T10_49_09_581Z-debug-0.log
11 silly logfile done cleaning log files
12 silly packumentCache heap:4345298944 maxSize:1086324736 maxEntrySize:543162368
13 http fetch GET 200 https://registry.npmjs.org/shadcn 206ms (cache updated)
14 silly packumentCache heap:4345298944 maxSize:1086324736 maxEntrySize:543162368
15 silly packumentCache heap:4345298944 maxSize:1086324736 maxEntrySize:543162368
16 verbose cwd C:\Users\saadr\Desktop\NW-Traders\nw-traders
17 verbose os Windows_NT 10.0.22631
18 verbose node v23.3.0
19 verbose npm  v10.9.0
20 verbose exit 0
21 info ok
